> 1 1094748 0
 > 1 1095821 1
 > 1 1096894 2
 > 1 1097966 3
 > 1 1099039 4
 > 1 1100112 5
 > 1 1101186 6
 > 1 1102259 7
 > 1 1103331 8
 > 1 1104404 9
 > 2 1105483 10
 > 2 1106563 11
 > 2 1107641 12
 > 2 1108720 13
 > 2 1109799 14
 > 2 1110878 15
 > 2 1111957 16
 > 2 1113036 17
 > 2 1114116 18
 > 2 1115194 19
 > 2 1116273 20
 > 2 1117352 21
 > 2 1118431 22
 > 2 1119510 23
 > 2 1120589 24
 > 2 1121668 25
 > 2 1122747 26
 > 2 1123826 27
 > 2 1124904 28
 > 2 1125984 29
 > 2 1127063 30
 > 2 1128141 31
 > 2 1129221 32
 > 2 1130300 33
 > 2 1131378 34
 > 2 1132457 35
 > 2 1133537 36
 > 2 1134616 37
 > 2 1135694 38
 > 2 1136774 39
 > 2 1137852 40
 > 2 1138931 41
 > 2 1140011 42
 > 2 1141090 43
 > 2 1142168 44
 > 2 1143247 45
 > 2 1144327 46
 > 2 1145405 47
 > 2 1146484 48
 > 2 1147564 49
 > 2 1148642 50
 > 2 1149721 51
 > 2 1150800 52
 > 2 1151880 53
 > 2 1152958 54
 > 2 1154037 55
 > 2 1155117 56
 > 2 1156195 57
 > 2 1157274 58
 > 2 1158353 59
 > 2 1159432 60
 > 2 1160511 61
 > 2 1161590 62
 > 2 1162669 63
 > 2 1163748 64
 > 2 1164827 65
 > 2 1165905 66
 > 2 1166985 67
 > 2 1168064 68
 > 2 1169142 69
 > 2 1170222 70
 > 2 1171301 71
 > 2 1172380 72
 > 2 1173458 73
 > 2 1174538 74
 > 2 1175617 75
 > 2 1176695 76
 > 2 1177775 77
 > 2 1178854 78
 > 2 1179932 79
 > 2 1181011 80
 > 2 1182091 81
 > 2 1183169 82
 > 2 1184248 83
 > 2 1185328 84
 > 2 1186406 85
 > 2 1187485 86
 > 2 1188564 87
 > 2 1189643 88
 > 2 1190722 89
 > 2 1191801 90
 > 2 1192881 91
 > 2 1193959 92
 > 2 1195038 93
 > 2 1196118 94
 > 2 1197196 95
 > 2 1198275 96
 > 2 1199354 97
 > 2 1200433 98
 > 2 1201512 99
 > 3 1202597 100
 > 3 1203682 101
 > 3 1204767 102
 > 3 1205852 103
 > 3 1206937 104
 > 3 1208022 105
 > 3 1209107 106
 > 3 1210192 107
 > 3 1211277 108
 > 3 1212362 109
 > 3 1213447 110
 > 3 1214532 111
 > 3 1215617 112
 > 3 1216702 113

